c:\users\abhijit\desktop\project3_ood\xmldocument\xmldocument\debug\xmldocument.pdb
c:\users\abhijit\desktop\project3_ood\xmldocument\xmldocument\debug\xmldocument.idb
c:\users\abhijit\desktop\project3_ood\xmldocument\xmldocument\debug\tokenizer.obj
c:\users\abhijit\desktop\project3_ood\xmldocument\xmldocument\debug\xmlelementparts.obj
c:\users\abhijit\desktop\project3_ood\xmldocument\xmldocument\debug\xmlelement.obj
c:\users\abhijit\desktop\project3_ood\xmldocument\xmldocument\debug\xmlparser.obj
c:\users\abhijit\desktop\project3_ood\xmldocument\xmldocument\debug\xmldocument.obj
c:\users\abhijit\desktop\remotecodepublisher_ood\xmldocument\xmldocument\debug\xmldocument.pdb
c:\users\abhijit\desktop\remotecodepublisher_ood\xmldocument\xmldocument\debug\xmldocument.idb
c:\users\abhijit\desktop\remotecodepublisher_ood\xmldocument\xmldocument\debug\tokenizer.obj
c:\users\abhijit\desktop\remotecodepublisher_ood\xmldocument\xmldocument\debug\xmlelementparts.obj
c:\users\abhijit\desktop\remotecodepublisher_ood\xmldocument\xmldocument\debug\xmlelement.obj
c:\users\abhijit\desktop\remotecodepublisher_ood\xmldocument\xmldocument\debug\xmlparser.obj
c:\users\abhijit\desktop\remotecodepublisher_ood\xmldocument\xmldocument\debug\xmldocument.obj
c:\users\abhijit\desktop\project3_ood\debug\xmldocument.lib
c:\users\abhijit\desktop\remotecodepublisher_ood\debug\xmldocument.lib
c:\users\abhijit\desktop\remotecodepublisher_ood\debug\xmldocument.pdb
c:\users\abhijit\desktop\remotecodepublisher_ood\xmldocument\xmldocument\debug\xmldocument.tlog\cl.command.1.tlog
c:\users\abhijit\desktop\remotecodepublisher_ood\xmldocument\xmldocument\debug\xmldocument.tlog\cl.read.1.tlog
c:\users\abhijit\desktop\remotecodepublisher_ood\xmldocument\xmldocument\debug\xmldocument.tlog\cl.write.1.tlog
c:\users\abhijit\desktop\remotecodepublisher_ood\xmldocument\xmldocument\debug\xmldocument.tlog\lib-link.read.1.tlog
c:\users\abhijit\desktop\remotecodepublisher_ood\xmldocument\xmldocument\debug\xmldocument.tlog\lib-link.write.1.tlog
c:\users\abhijit\desktop\remotecodepublisher_ood\xmldocument\xmldocument\debug\xmldocument.tlog\lib.command.1.tlog
