c:\users\abhijit\desktop\project3_ood\tokenizer\debug\vc140.pdb
c:\users\abhijit\desktop\project3_ood\tokenizer\debug\vc140.idb
c:\users\abhijit\desktop\project3_ood\tokenizer\debug\utilities.obj
c:\users\abhijit\desktop\project3_ood\tokenizer\debug\tokenizer.obj
c:\users\abhijit\desktop\remotecodepublisher_ood\tokenizer\debug\vc140.pdb
c:\users\abhijit\desktop\remotecodepublisher_ood\tokenizer\debug\vc140.idb
c:\users\abhijit\desktop\remotecodepublisher_ood\tokenizer\debug\utilities.obj
c:\users\abhijit\desktop\remotecodepublisher_ood\tokenizer\debug\tokenizer.obj
c:\users\abhijit\desktop\project3_ood\debug\tokenizer.ilk
c:\users\abhijit\desktop\project3_ood\debug\tokenizer.exe
c:\users\abhijit\desktop\project3_ood\debug\tokenizer.pdb
c:\users\abhijit\desktop\remotecodepublisher_ood\debug\tokenizer.ilk
c:\users\abhijit\desktop\remotecodepublisher_ood\debug\tokenizer.exe
c:\users\abhijit\desktop\remotecodepublisher_ood\debug\tokenizer.pdb
c:\users\abhijit\desktop\remotecodepublisher_ood\tokenizer\debug\tokenizer.tlog\cl.command.1.tlog
c:\users\abhijit\desktop\remotecodepublisher_ood\tokenizer\debug\tokenizer.tlog\cl.read.1.tlog
c:\users\abhijit\desktop\remotecodepublisher_ood\tokenizer\debug\tokenizer.tlog\cl.write.1.tlog
c:\users\abhijit\desktop\remotecodepublisher_ood\tokenizer\debug\tokenizer.tlog\link.command.1.tlog
c:\users\abhijit\desktop\remotecodepublisher_ood\tokenizer\debug\tokenizer.tlog\link.read.1.tlog
c:\users\abhijit\desktop\remotecodepublisher_ood\tokenizer\debug\tokenizer.tlog\link.write.1.tlog
