c:\users\abhijit\desktop\project2_ood\codeanalyzerex\analyzer\x64\debug\vc140.pdb
c:\users\abhijit\desktop\project2_ood\codeanalyzerex\analyzer\x64\debug\vc140.idb
c:\users\abhijit\desktop\project2_ood\codeanalyzerex\analyzer\x64\debug\abstrsyntree.obj
c:\users\abhijit\desktop\project2_ood\codeanalyzerex\analyzer\x64\debug\filemgr.obj
c:\users\abhijit\desktop\project2_ood\codeanalyzerex\analyzer\x64\debug\filesystem.obj
c:\users\abhijit\desktop\project2_ood\codeanalyzerex\analyzer\x64\debug\grammarhelpers.obj
c:\users\abhijit\desktop\project2_ood\codeanalyzerex\analyzer\x64\debug\logger.obj
c:\users\abhijit\desktop\project2_ood\codeanalyzerex\analyzer\x64\debug\actionsandrules.obj
c:\users\abhijit\desktop\project2_ood\codeanalyzerex\analyzer\x64\debug\configureparser.obj
c:\users\abhijit\desktop\project2_ood\codeanalyzerex\analyzer\x64\debug\parser.obj
c:\users\abhijit\desktop\project2_ood\codeanalyzerex\analyzer\x64\debug\scopestack.obj
c:\users\abhijit\desktop\project2_ood\codeanalyzerex\analyzer\x64\debug\semiexp.obj
c:\users\abhijit\desktop\project2_ood\codeanalyzerex\analyzer\x64\debug\tokenizer.obj
c:\users\abhijit\desktop\project2_ood\codeanalyzerex\analyzer\x64\debug\utilities.obj
c:\users\abhijit\desktop\project2_ood\codeanalyzerex\analyzer\x64\debug\executive.obj
c:\users\abhijit\desktop\project2_ood\codeanalyzerex\x64\debug\codeanalyzer.ilk
c:\users\abhijit\desktop\project2_ood\codeanalyzerex\x64\debug\codeanalyzer.exe
c:\users\abhijit\desktop\project2_ood\codeanalyzerex\x64\debug\codeanalyzer.pdb
c:\users\abhijit\desktop\project2_ood\codeanalyzerex\analyzer\x64\debug\codeanalyzer.tlog\cl.command.1.tlog
c:\users\abhijit\desktop\project2_ood\codeanalyzerex\analyzer\x64\debug\codeanalyzer.tlog\cl.read.1.tlog
c:\users\abhijit\desktop\project2_ood\codeanalyzerex\analyzer\x64\debug\codeanalyzer.tlog\cl.write.1.tlog
c:\users\abhijit\desktop\project2_ood\codeanalyzerex\analyzer\x64\debug\codeanalyzer.tlog\link.command.1.tlog
c:\users\abhijit\desktop\project2_ood\codeanalyzerex\analyzer\x64\debug\codeanalyzer.tlog\link.read.1.tlog
c:\users\abhijit\desktop\project2_ood\codeanalyzerex\analyzer\x64\debug\codeanalyzer.tlog\link.write.1.tlog
