c:\users\abhijit\desktop\remotecodepublisher_ood\msgserver\debug\vc140.pdb
c:\users\abhijit\desktop\remotecodepublisher_ood\msgserver\debug\vc140.idb
c:\users\abhijit\desktop\remotecodepublisher_ood\msgserver\debug\filesystem.obj
c:\users\abhijit\desktop\remotecodepublisher_ood\msgserver\debug\httpmessage.obj
c:\users\abhijit\desktop\remotecodepublisher_ood\msgserver\debug\cpp11-blockingqueue.obj
c:\users\abhijit\desktop\remotecodepublisher_ood\msgserver\debug\logger.obj
c:\users\abhijit\desktop\remotecodepublisher_ood\msgserver\debug\sockets.obj
c:\users\abhijit\desktop\remotecodepublisher_ood\msgserver\debug\utilities.obj
c:\users\abhijit\desktop\remotecodepublisher_ood\msgserver\debug\msgserver.obj
c:\users\abhijit\desktop\remotecodepublisher_ood\debug\msgserver.ilk
c:\users\abhijit\desktop\remotecodepublisher_ood\debug\msgserver.exe
c:\users\abhijit\desktop\remotecodepublisher_ood\debug\msgserver.pdb
c:\users\abhijit\desktop\remotecodepublisher_ood\msgserver\debug\msgserver.vcxprojresolveassemblyreference.cache
c:\users\abhijit\desktop\remotecodepublisher_ood\msgserver\debug\msgserver.obj.enc
c:\users\abhijit\desktop\remotecodepublisher_ood\msgserver\debug\msgserver.tlog\cl.command.1.tlog
c:\users\abhijit\desktop\remotecodepublisher_ood\msgserver\debug\msgserver.tlog\cl.read.1.tlog
c:\users\abhijit\desktop\remotecodepublisher_ood\msgserver\debug\msgserver.tlog\cl.write.1.tlog
c:\users\abhijit\desktop\remotecodepublisher_ood\msgserver\debug\msgserver.tlog\link.command.1.tlog
c:\users\abhijit\desktop\remotecodepublisher_ood\msgserver\debug\msgserver.tlog\link.read.1.tlog
c:\users\abhijit\desktop\remotecodepublisher_ood\msgserver\debug\msgserver.tlog\link.write.1.tlog
