c:\users\abhijit\desktop\remotecodepublisher_ood\logger\debug\vc140.pdb
c:\users\abhijit\desktop\remotecodepublisher_ood\logger\debug\vc140.idb
c:\users\abhijit\desktop\remotecodepublisher_ood\logger\debug\cpp11-blockingqueue.obj
c:\users\abhijit\desktop\remotecodepublisher_ood\logger\debug\utilities.obj
c:\users\abhijit\desktop\remotecodepublisher_ood\logger\debug\logger.obj
c:\users\abhijit\desktop\remotecodepublisher_ood\logger\debug\logger.pdb
c:\users\abhijit\desktop\remotecodepublisher_ood\logger\debug\logger.idb
c:\users\abhijit\desktop\remotecodepublisher_ood\debug\logger.lib
c:\users\abhijit\desktop\remotecodepublisher_ood\debug\logger.ilk
c:\users\abhijit\desktop\remotecodepublisher_ood\debug\logger.exe
c:\users\abhijit\desktop\remotecodepublisher_ood\debug\logger.pdb
c:\users\abhijit\desktop\remotecodepublisher_ood\logger\debug\logger.tlog\cl.command.1.tlog
c:\users\abhijit\desktop\remotecodepublisher_ood\logger\debug\logger.tlog\cl.read.1.tlog
c:\users\abhijit\desktop\remotecodepublisher_ood\logger\debug\logger.tlog\cl.write.1.tlog
c:\users\abhijit\desktop\remotecodepublisher_ood\logger\debug\logger.tlog\lib-link.read.1.tlog
c:\users\abhijit\desktop\remotecodepublisher_ood\logger\debug\logger.tlog\lib-link.write.1.tlog
c:\users\abhijit\desktop\remotecodepublisher_ood\logger\debug\logger.tlog\lib.command.1.tlog
c:\users\abhijit\desktop\remotecodepublisher_ood\logger\debug\logger.tlog\link.command.1.tlog
c:\users\abhijit\desktop\remotecodepublisher_ood\logger\debug\logger.tlog\link.read.1.tlog
c:\users\abhijit\desktop\remotecodepublisher_ood\logger\debug\logger.tlog\link.write.1.tlog
