c:\users\abhijit\desktop\remotecodepublisher_ood\msgclient\debug\vc140.pdb
c:\users\abhijit\desktop\remotecodepublisher_ood\msgclient\debug\vc140.idb
c:\users\abhijit\desktop\remotecodepublisher_ood\msgclient\debug\filesystem.obj
c:\users\abhijit\desktop\remotecodepublisher_ood\msgclient\debug\httpmessage.obj
c:\users\abhijit\desktop\remotecodepublisher_ood\msgclient\debug\cpp11-blockingqueue.obj
c:\users\abhijit\desktop\remotecodepublisher_ood\msgclient\debug\logger.obj
c:\users\abhijit\desktop\remotecodepublisher_ood\msgclient\debug\sockets.obj
c:\users\abhijit\desktop\remotecodepublisher_ood\msgclient\debug\utilities.obj
c:\users\abhijit\desktop\remotecodepublisher_ood\msgclient\debug\msgclient.obj
c:\users\abhijit\desktop\remotecodepublisher_ood\msgclient\debug\msgclient.pdb
c:\users\abhijit\desktop\remotecodepublisher_ood\msgclient\debug\msgclient.idb
c:\users\abhijit\desktop\remotecodepublisher_ood\debug\msgclient.lib
c:\users\abhijit\desktop\remotecodepublisher_ood\debug\msgclient.ilk
c:\users\abhijit\desktop\remotecodepublisher_ood\debug\msgclient.exe
c:\users\abhijit\desktop\remotecodepublisher_ood\debug\msgclient.pdb
c:\users\abhijit\desktop\remotecodepublisher_ood\msgclient\debug\msgclient.tlog\cl.command.1.tlog
c:\users\abhijit\desktop\remotecodepublisher_ood\msgclient\debug\msgclient.tlog\cl.read.1.tlog
c:\users\abhijit\desktop\remotecodepublisher_ood\msgclient\debug\msgclient.tlog\cl.write.1.tlog
c:\users\abhijit\desktop\remotecodepublisher_ood\msgclient\debug\msgclient.tlog\lib-link.read.1.tlog
c:\users\abhijit\desktop\remotecodepublisher_ood\msgclient\debug\msgclient.tlog\lib-link.write.1.tlog
c:\users\abhijit\desktop\remotecodepublisher_ood\msgclient\debug\msgclient.tlog\lib.command.1.tlog
c:\users\abhijit\desktop\remotecodepublisher_ood\msgclient\debug\msgclient.tlog\link.command.1.tlog
c:\users\abhijit\desktop\remotecodepublisher_ood\msgclient\debug\msgclient.tlog\link.read.1.tlog
c:\users\abhijit\desktop\remotecodepublisher_ood\msgclient\debug\msgclient.tlog\link.write.1.tlog
